app/proguard-rules.pro
# Add project specific ProGuard rules here.
# You can control the set of applied configuration files using the
# proguardFiles setting in build.gradle.
#
# For more details, see
#   http://developer.android.com/guide/developing/tools/proguard.html

# Keep source file names and line numbers for stack traces
-keepattributes SourceFile,LineNumberTable

# Keep custom exceptions
-keep public class * extends java.lang.Exception

# Support library
-keep class android.support.** { *; }
-keep interface android.support.** { *; }