app/build/outputs/mapping/release/seeds.txt
com.ispringle.dumbcast.MainActivity
com.ispringle.dumbcast.services.PlaybackService
com.ispringle.dumbcast.services.DownloadService
com.ispringle.dumbcast.fragments.SubscriptionsFragment$RefreshResult$Status: com.ispringle.dumbcast.fragments.SubscriptionsFragment$RefreshResult$Status[] values()
com.ispringle.dumbcast.data.EpisodeState: com.ispringle.dumbcast.data.EpisodeState valueOf(java.lang.String)
com.ispringle.dumbcast.fragments.SubscriptionsFragment$RefreshResult$Status: com.ispringle.dumbcast.fragments.SubscriptionsFragment$RefreshResult$Status valueOf(java.lang.String)
com.ispringle.dumbcast.fragments.PreviewResult$Status: com.ispringle.dumbcast.fragments.PreviewResult$Status valueOf(java.lang.String)
com.ispringle.dumbcast.services.DownloadService: DownloadService()
com.ispringle.dumbcast.fragments.SubscribeResult$Status: com.ispringle.dumbcast.fragments.SubscribeResult$Status[] values()
com.ispringle.dumbcast.data.EpisodeState: com.ispringle.dumbcast.data.EpisodeState[] values()
com.ispringle.dumbcast.services.PlaybackService: PlaybackService()
com.ispringle.dumbcast.fragments.SubscribeResult$Status: com.ispringle.dumbcast.fragments.SubscribeResult$Status valueOf(java.lang.String)
com.ispringle.dumbcast.MainActivity: MainActivity()
com.ispringle.dumbcast.fragments.PreviewResult$Status: com.ispringle.dumbcast.fragments.PreviewResult$Status[] values()
...
android.support.design.widget.BottomSheetDialog$3
android.support.design.internal.ScrimInsetsFrameLayout
android.support.v4.app.FragmentTransaction
android.support.graphics.drawable.animated.R$bool
android.support.v4.widget.SlidingPaneLayout$DragHelperCallback
android.support.v4.provider.DocumentFile
android.support.design.widget.BaseTransientBottomBar$SnackbarBaseLayout
android.support.v4.view.ViewCompat$ViewCompatApi24Impl
android.support.coreui.R$style
android.support.transition.RectEvaluator
android.support.v7.widget.ActionMenuPresenter$OpenOverflowRunnable
android.support.v4.view.AbsSavedState$1
android.support.v7.appcompat.R$dimen
android.support.v7.widget.SearchView$4
android.support.v4.view.ViewCompat$ViewCompatApi18Impl
android.support.transition.ChangeImageTransform$1
android.support.v4.app.FragmentManagerState$1
android.support.v4.media.MediaBrowserServiceCompatApi26$ServiceCompatProxy
android.support.v4.view.ViewPager$ViewPositionComparator
android.support.v4.widget.TextViewCompat$TextViewCompatApi17Impl
android.support.v4.widget.CompoundButtonCompat$CompoundButtonCompatBaseImpl
android.support.v4.app.Fragment$AnimationInfo
android.support.v4.app.FragmentTransitionImpl$3
android.support.design.widget.TextInputLayout
android.support.v4.print.PrintHelper$PrintHelperStub
android.support.v4.widget.CompoundButtonCompat$CompoundButtonCompatApi23Impl
android.support.v4.media.MediaBrowserServiceCompat$ServiceBinderImpl$9
android.support.v4.content.SharedPreferencesCompat$EditorCompat
android.support.v4.widget.FocusStrategy$CollectionAdapter
android.support.v4.content.SharedPreferencesCompat$EditorCompat$Helper
android.support.mediacompat.R$style
android.support.v7.view.menu.MenuPresenter$Callback
android.support.v4.widget.SwipeRefreshLayout$8
android.support.transition.TransitionSet$TransitionSetListener
android.support.v4.media.MediaBrowserCompat$MediaBrowserImplApi21$7
android.support.v7.widget.ActionBarContainer
android.support.v4.widget.ScrollerCompat
android.support.v7.appcompat.R$layout
android.support.v4.media.session.MediaSessionCompat$Callback$StubApi23
android.support.design.widget.AnimationUtils
android.support.design.internal.BottomNavigationMenuView$1
android.support.v7.widget.StaggeredGridLayoutManager
android.support.v4.widget.AutoScrollHelper$ClampedScroller
android.support.v4.media.MediaDescriptionCompat$1
android.support.v4.provider.FontsContractCompat$TypefaceResult
android.support.annotation.AnyThread
android.support.v7.widget.AppCompatSpinner$1
android.support.v7.widget.helper.ItemTouchHelper$1
android.support.v4.view.LayoutInflaterFactory
android.support.annotation.Px
android.support.v4.media.MediaBrowserCompat$MediaBrowserImplBase$4
android.support.v4.app.BundleCompat
android.support.v4.view.GestureDetectorCompat
android.support.transition.ChangeBounds$6
android.support.v7.recyclerview.extensions.AsyncListDiffer$1
android.support.v7.app.AppCompatDelegateImplV9$PanelFeatureState$SavedState$1
android.support.design.R$layout
android.support.v4.media.session.MediaSessionCompat$SessionFlags
android.support.v4.app.FragmentManager$FragmentLifecycleCallbacks
android.support.v13.view.inputmethod.InputConnectionCompat$2
android.support.v4.view.AsyncLayoutInflater$InflateThread
android.support.v7.widget.helper.ItemTouchUIUtilImpl
android.support.v4.view.ViewPager$MyAccessibilityDelegate
android.support.compat.R$dimen
android.support.v4.media.session.MediaControllerCompat$Callback$StubApi21
android.support.v4.provider.FontsContractCompat$1
android.support.design.widget.BottomSheetDialog$2
android.support.v7.widget.RecyclerView$EdgeEffectFactory
android.support.v4.print.PrintHelper$1
android.support.v4.app.FragmentManagerImpl$OpGenerator
android.support.v4.os.LocaleListCompat
android.support.v7.widget.ScrollingTabContainerView$TabClickListener
android.support.v4.graphics.TypefaceCompatBaseImpl$StyleExtractor
android.support.transition.ChangeBounds$7
android.support.v4.widget.DrawerLayout$1