app/build/outputs/mapping/release/usage.txt
com.ispringle.dumbcast.BuildConfig
com.ispringle.dumbcast.MainActivity:
    public static final java.lang.String EXTRA_NAVIGATE_TO_TAB
    private static final int TAB_BACKLOG
    private static final int TAB_COUNT
    private static final int TAB_DISCOVER
    private static final int TAB_NEW
    private static final int TAB_NOW_PLAYING
    private static final int TAB_SUBSCRIPTIONS
com.ispringle.dumbcast.R$color
com.ispringle.dumbcast.R$drawable:
    private void <init>()
com.ispringle.dumbcast.R$id:
    private void <init>()
com.ispringle.dumbcast.R$layout:
    private void <init>()
com.ispringle.dumbcast.R$mipmap:
    private void <init>()
com.ispringle.dumbcast.R$string:
    public static int app_name
    public static int artwork_description
    public static int button_pause
    public static int button_play
    public static int dialog_podcast_info_title
    public static int discovery_title
    public static int now_playing_header
    public static int search_button
    public static int search_hint
    public static int subscriptions_title
    public static int time_default
    public static int toast_refresh
    public static int toast_refresh_all
    public static int toast_remove_new
    private void <init>()
com.ispringle.dumbcast.R$style
com.ispringle.dumbcast.R
com.ispringle.dumbcast.data.DatabaseHelper:
    public static final java.lang.String COL_EPISODE_CHAPTERS_URL
    public static final java.lang.String COL_EPISODE_DESCRIPTION
    public static final java.lang.String COL_EPISODE_DOWNLOADED_AT
    public static final java.lang.String COL_EPISODE_DOWNLOAD_PATH
    public static final java.lang.String COL_EPISODE_DURATION
    public static final java.lang.String COL_EPISODE_ENCLOSURE_LENGTH
    public static final java.lang.String COL_EPISODE_ENCLOSURE_TYPE
    public static final java.lang.String COL_EPISODE_ENCLOSURE_URL
    public static final java.lang.String COL_EPISODE_FETCHED_AT
    public static final java.lang.String COL_EPISODE_GUID
    public static final java.lang.String COL_EPISODE_ID
    public static final java.lang.String COL_EPISODE_PLAYBACK_POS
    public static final java.lang.String COL_EPISODE_PLAYED_AT
    public static final java.lang.String COL_EPISODE_PODCAST_ID
    public static final java.lang.String COL_EPISODE_PUBLISHED_AT
    public static final java.lang.String COL_EPISODE_SAVED_AT
    public static final java.lang.String COL_EPISODE_SESSION_GRACE
    public static final java.lang.String COL_EPISODE_STATE
    public static final java.lang.String COL_EPISODE_TITLE
    public static final java.lang.String COL_EPISODE_VIEWED_AT
    public static final java.lang.String COL_PODCAST_ARTWORK_URL
    public static final java.lang.String COL_PODCAST_CREATED
com.ispringle.dumbcast.data.DatabaseManager:
    private void <init>()
    public static synchronized void closeDatabase()
com.ispringle.dumbcast.data.Episode:
    public void setTitle(java.lang.String)
com.ispringle.dumbcast.data.EpisodeRepository:
    private static final long SEVEN_DAYS_MS
    private static final java.lang.String TAG
    public java.util.List getEpisodesByPodcast(long)
com.ispringle.dumbcast.data.Podcast:
    public void setFeedUrl(java.lang.String)
com.ispringle.dumbcast.data.PodcastRepository:
    private static final long ONE_HOUR_MS
    private static final long SEVEN_DAYS_MS
    private static final java.lang.String TAG
    public void deletePodcast(long)
    public void refreshAllPodcasts()
    public void refreshPodcastWithLimit(long,int)
com.ispringle.dumbcast.fragments.DiscoveryFragment:
    private static final int TAB_SUBSCRIPTIONS
    private static final java.lang.String TAG
    private void onSubscribeFailure()
...
android.arch.lifecycle.ReportFragment:
    private static final java.lang.String REPORT_FRAGMENT_TAG
    static android.arch.lifecycle.ReportFragment get(android.app.Activity)
    void setProcessListener(android.arch.lifecycle.ReportFragment$ActivityInitializationListener)
android.arch.lifecycle.ViewModelProvider$AndroidViewModelFactory
android.arch.lifecycle.ViewModelProvider$NewInstanceFactory
android.arch.lifecycle.ViewModelProvider:
    private static final java.lang.String DEFAULT_KEY
    public void <init>(android.arch.lifecycle.ViewModelStoreOwner,android.arch.lifecycle.ViewModelProvider$Factory)
android.arch.lifecycle.ViewModelStoreOwner
android.arch.lifecycle.livedata.core.BuildConfig
android.arch.lifecycle.livedata.core.R
android.arch.lifecycle.viewmodel.BuildConfig
android.arch.lifecycle.viewmodel.R
android.arch.core.executor.ArchTaskExecutor$1
android.arch.core.executor.ArchTaskExecutor$2
android.arch.core.executor.ArchTaskExecutor:
    public android.arch.core.executor.DefaultTaskExecutor mDefaultTaskExecutor
    public static final java.util.concurrent.Executor sIOThreadExecutor
    public static final java.util.concurrent.Executor sMainThreadExecutor
    static void <clinit>()
    public final void executeOnDiskIO()
    public final boolean isMainThread()
    public final void postToMainThread(java.lang.Runnable)
android.arch.core.executor.DefaultTaskExecutor:
    public java.util.concurrent.ExecutorService mDiskIO
    public final void executeOnDiskIO()
    public final boolean isMainThread()
    public final void postToMainThread(java.lang.Runnable)
android.arch.core.executor.TaskExecutor:
    public abstract void executeOnDiskIO()
    public abstract boolean isMainThread()
    public abstract void postToMainThread(java.lang.Runnable)
android.arch.core.internal.FastSafeIterableMap:
    public static java.util.Map$Entry ceil()
    public static boolean contains()
android.arch.core.internal.SafeIterableMap$1
android.arch.core.internal.SafeIterableMap$AscendingIterator:
    public final android.arch.core.internal.SafeIterableMap$Entry backward()
    public final android.arch.core.internal.SafeIterableMap$Entry forward()
android.arch.core.internal.SafeIterableMap$DescendingIterator
android.arch.core.internal.SafeIterableMap$IteratorWithAdditions:
    public final java.util.Map$Entry next()
android.arch.core.internal.SafeIterableMap$ListIterator:
    public abstract android.arch.core.internal.SafeIterableMap$Entry backward()
    public abstract android.arch.core.internal.SafeIterableMap$Entry forward()
    public abstract java.util.Map$Entry next()
    public final android.arch.core.internal.SafeIterableMap$Entry nextNode()
android.arch.core.internal.SafeIterableMap:
    public static java.util.Iterator descendingIterator()
    public static java.util.Map$Entry eldest()
    public final android.arch.core.internal.SafeIterableMap$IteratorWithAdditions iteratorWithAdditions()
    public static java.util.Map$Entry newest()
    public final android.arch.core.internal.SafeIterableMap$Entry put(java.lang.Object,java.lang.Object)
    public static int size()
android.arch.lifecycle.ClassesInfoCache$CallbackInfo
android.arch.lifecycle.ClassesInfoCache$MethodReference
android.arch.lifecycle.ClassesInfoCache
android.arch.lifecycle.CompositeGeneratedAdaptersObserver:
    public final android.arch.lifecycle.GeneratedAdapter[] mGeneratedAdapters
    public void <init>(android.arch.lifecycle.GeneratedAdapter[])
android.arch.lifecycle.GeneratedAdapter
android.arch.lifecycle.Lifecycle$State:
    public final boolean isAtLeast()
android.arch.lifecycle.Lifecycle:
    public abstract void addObserver()
    public abstract android.arch.lifecycle.Lifecycle$State getCurrentState()
    public abstract void removeObserver()